Determining if the pthread_create exist failed with the following output:
Change Dir: /home/yacheur/apps/artery/build/CMakeFiles/CMakeTmp

Run Build Command:"/usr/bin/make" "cmTC_0f3ea/fast"
/usr/bin/make -f CMakeFiles/cmTC_0f3ea.dir/build.make CMakeFiles/cmTC_0f3ea.dir/build
make[1] : on entre dans le répertoire « /home/yacheur/apps/artery/build/CMakeFiles/CMakeTmp »
Building C object CMakeFiles/cmTC_0f3ea.dir/CheckSymbolExists.c.o
/usr/bin/cc    -o CMakeFiles/cmTC_0f3ea.dir/CheckSymbolExists.c.o   -c /home/yacheur/apps/artery/build/CMakeFiles/CMakeTmp/CheckSymbolExists.c
Linking C executable cmTC_0f3ea
/usr/bin/cmake -E cmake_link_script CMakeFiles/cmTC_0f3ea.dir/link.txt --verbose=1
/usr/bin/cc      -rdynamic CMakeFiles/cmTC_0f3ea.dir/CheckSymbolExists.c.o  -o cmTC_0f3ea 
CMakeFiles/cmTC_0f3ea.dir/CheckSymbolExists.c.o : Dans la fonction « main » :
CheckSymbolExists.c:(.text+0x1b) : référence indéfinie vers « pthread_create »
collect2: error: ld returned 1 exit status
CMakeFiles/cmTC_0f3ea.dir/build.make:97: recipe for target 'cmTC_0f3ea' failed
make[1]: *** [cmTC_0f3ea] Error 1
make[1] : on quitte le répertoire « /home/yacheur/apps/artery/build/CMakeFiles/CMakeTmp »
Makefile:126: recipe for target 'cmTC_0f3ea/fast' failed
make: *** [cmTC_0f3ea/fast] Error 2

File /home/yacheur/apps/artery/build/CMakeFiles/CMakeTmp/CheckSymbolExists.c:
/* */
#include <pthread.h>

int main(int argc, char** argv)
{
  (void)argv;
#ifndef pthread_create
  return ((int*)(&pthread_create))[argc];
#else
  (void)argc;
  return 0;
#endif
}

Determining if the function pthread_create exists in the pthreads failed with the following output:
Change Dir: /home/yacheur/apps/artery/build/CMakeFiles/CMakeTmp

Run Build Command:"/usr/bin/make" "cmTC_d053b/fast"
/usr/bin/make -f CMakeFiles/cmTC_d053b.dir/build.make CMakeFiles/cmTC_d053b.dir/build
make[1] : on entre dans le répertoire « /home/yacheur/apps/artery/build/CMakeFiles/CMakeTmp »
Building C object CMakeFiles/cmTC_d053b.dir/CheckFunctionExists.c.o
/usr/bin/cc   -DCHECK_FUNCTION_EXISTS=pthread_create   -o CMakeFiles/cmTC_d053b.dir/CheckFunctionExists.c.o   -c /usr/share/cmake-3.10/Modules/CheckFunctionExists.c
Linking C executable cmTC_d053b
/usr/bin/cmake -E cmake_link_script CMakeFiles/cmTC_d053b.dir/link.txt --verbose=1
/usr/bin/cc  -DCHECK_FUNCTION_EXISTS=pthread_create    -rdynamic CMakeFiles/cmTC_d053b.dir/CheckFunctionExists.c.o  -o cmTC_d053b -lpthreads 
/usr/bin/ld : ne peut trouver -lpthreads
collect2: error: ld returned 1 exit status
CMakeFiles/cmTC_d053b.dir/build.make:97: recipe for target 'cmTC_d053b' failed
make[1]: *** [cmTC_d053b] Error 1
make[1] : on quitte le répertoire « /home/yacheur/apps/artery/build/CMakeFiles/CMakeTmp »
Makefile:126: recipe for target 'cmTC_d053b/fast' failed
make: *** [cmTC_d053b/fast] Error 2


